executed Sun 12 Apr 2020 10:38:01 PM EEST /home/damo_ma/COVID19-dashboard
executed Tue 14 Apr 2020 03:34:18 PM EEST
executed Tue 14 Apr 2020 08:00:03 PM EEST
executed Tue 14 Apr 2020 08:01:02 PM EEST
executed Tue 14 Apr 2020 08:02:02 PM EEST
executed Tue 14 Apr 2020 08:03:02 PM EEST
executed Tue 14 Apr 2020 08:04:01 PM EEST
executed Tue 14 Apr 2020 08:05:02 PM EEST
executed Tue 14 Apr 2020 08:06:02 PM EEST
executed Tue 14 Apr 2020 08:07:02 PM EEST
executed Tue 14 Apr 2020 08:08:02 PM EEST
executed Tue 14 Apr 2020 08:09:01 PM EEST
executed Tue 14 Apr 2020 08:10:02 PM EEST
executed Tue 14 Apr 2020 08:11:02 PM EEST
executed Tue 14 Apr 2020 08:12:02 PM EEST
executed Tue 14 Apr 2020 08:13:02 PM EEST
executed Tue 14 Apr 2020 08:14:01 PM EEST
executed Tue 14 Apr 2020 08:15:02 PM EEST
executed Tue 14 Apr 2020 08:16:02 PM EEST
executed Tue 14 Apr 2020 08:17:01 PM EEST
executed Tue 14 Apr 2020 08:18:02 PM EEST
executed Tue 14 Apr 2020 08:19:01 PM EEST
executed Tue 14 Apr 2020 08:20:02 PM EEST
executed Tue 14 Apr 2020 08:21:02 PM EEST
executed Tue 14 Apr 2020 08:22:01 PM EEST
executed Tue 14 Apr 2020 08:23:02 PM EEST
executed Tue 14 Apr 2020 08:24:01 PM EEST
executed Tue 14 Apr 2020 08:25:02 PM EEST
executed Tue 14 Apr 2020 08:26:02 PM EEST
executed Tue 14 Apr 2020 08:27:01 PM EEST
executed Tue 14 Apr 2020 08:28:02 PM EEST
executed Tue 14 Apr 2020 08:29:01 PM EEST
executed Tue 14 Apr 2020 08:30:02 PM EEST
executed Tue 14 Apr 2020 08:31:02 PM EEST
executed Tue 14 Apr 2020 08:32:01 PM EEST
executed Tue 14 Apr 2020 08:33:02 PM EEST
executed Tue 14 Apr 2020 08:34:02 PM EEST
executed Tue 14 Apr 2020 08:35:02 PM EEST
executed Tue 14 Apr 2020 08:36:02 PM EEST
executed Tue 14 Apr 2020 08:37:01 PM EEST
executed Tue 14 Apr 2020 08:38:02 PM EEST
executed Tue 14 Apr 2020 08:39:02 PM EEST
executed Tue 14 Apr 2020 08:40:02 PM EEST
executed Tue 14 Apr 2020 08:41:02 PM EEST
executed Tue 14 Apr 2020 08:42:01 PM EEST
executed Tue 14 Apr 2020 08:43:02 PM EEST
executed Tue 14 Apr 2020 08:44:02 PM EEST
executed Tue 14 Apr 2020 08:45:01 PM EEST
executed Tue 14 Apr 2020 08:46:02 PM EEST
executed Tue 14 Apr 2020 08:47:01 PM EEST
executed Tue 14 Apr 2020 08:48:02 PM EEST
executed Tue 14 Apr 2020 08:49:02 PM EEST
executed Tue 14 Apr 2020 08:50:02 PM EEST
executed Tue 14 Apr 2020 08:51:02 PM EEST
executed Tue 14 Apr 2020 08:52:01 PM EEST
executed Tue 14 Apr 2020 08:53:02 PM EEST
executed Tue 14 Apr 2020 08:54:02 PM EEST
executed Tue 14 Apr 2020 08:55:01 PM EEST
executed Tue 14 Apr 2020 08:56:02 PM EEST
executed Tue 14 Apr 2020 08:57:01 PM EEST
executed Tue 14 Apr 2020 08:58:02 PM EEST
executed Tue 14 Apr 2020 08:59:02 PM EEST
executed Wed 15 Apr 2020 08:00:02 PM EEST
executed Wed 15 Apr 2020 08:01:02 PM EEST
executed Wed 15 Apr 2020 08:02:02 PM EEST
executed Wed 15 Apr 2020 08:03:01 PM EEST
executed Wed 15 Apr 2020 08:04:02 PM EEST
executed Wed 15 Apr 2020 08:05:02 PM EEST
executed Wed 15 Apr 2020 08:06:02 PM EEST
executed Wed 15 Apr 2020 08:07:02 PM EEST
executed Wed 15 Apr 2020 08:08:01 PM EEST
executed Wed 15 Apr 2020 08:09:02 PM EEST
executed Wed 15 Apr 2020 08:10:02 PM EEST
executed Wed 15 Apr 2020 08:11:02 PM EEST
executed Wed 15 Apr 2020 08:12:02 PM EEST
executed Wed 15 Apr 2020 08:13:01 PM EEST
executed Wed 15 Apr 2020 08:14:02 PM EEST
executed Wed 15 Apr 2020 08:15:02 PM EEST
executed Wed 15 Apr 2020 08:16:02 PM EEST
executed Wed 15 Apr 2020 08:17:02 PM EEST
executed Wed 15 Apr 2020 08:18:01 PM EEST
executed Wed 15 Apr 2020 08:19:02 PM EEST
executed Wed 15 Apr 2020 08:20:07 PM EEST
executed Wed 15 Apr 2020 08:21:02 PM EEST
executed Wed 15 Apr 2020 08:22:02 PM EEST
executed Wed 15 Apr 2020 08:23:01 PM EEST
executed Wed 15 Apr 2020 08:24:02 PM EEST
executed Wed 15 Apr 2020 08:25:02 PM EEST
executed Wed 15 Apr 2020 08:26:01 PM EEST
executed Wed 15 Apr 2020 08:27:02 PM EEST
executed Wed 15 Apr 2020 08:28:02 PM EEST
executed Wed 15 Apr 2020 08:29:02 PM EEST
executed Wed 15 Apr 2020 08:30:02 PM EEST
executed Wed 15 Apr 2020 08:31:01 PM EEST
executed Wed 15 Apr 2020 08:32:02 PM EEST
executed Wed 15 Apr 2020 08:33:02 PM EEST
executed Wed 15 Apr 2020 08:34:02 PM EEST
executed Wed 15 Apr 2020 08:35:02 PM EEST
executed Wed 15 Apr 2020 08:36:01 PM EEST
executed Wed 15 Apr 2020 08:37:02 PM EEST
executed Wed 15 Apr 2020 08:38:02 PM EEST
executed Wed 15 Apr 2020 08:39:01 PM EEST
executed Wed 15 Apr 2020 08:40:02 PM EEST
executed Wed 15 Apr 2020 08:41:01 PM EEST
executed Wed 15 Apr 2020 08:42:02 PM EEST
executed Wed 15 Apr 2020 08:43:02 PM EEST
executed Wed 15 Apr 2020 08:44:01 PM EEST
executed Wed 15 Apr 2020 08:45:02 PM EEST
executed Wed 15 Apr 2020 08:46:02 PM EEST
executed Wed 15 Apr 2020 08:47:02 PM EEST
executed Wed 15 Apr 2020 08:48:02 PM EEST
executed Wed 15 Apr 2020 08:49:01 PM EEST
executed Wed 15 Apr 2020 08:50:02 PM EEST
executed Wed 15 Apr 2020 08:51:02 PM EEST
executed Wed 15 Apr 2020 08:52:02 PM EEST
executed Wed 15 Apr 2020 08:53:02 PM EEST
executed Wed 15 Apr 2020 08:54:01 PM EEST
executed Wed 15 Apr 2020 08:55:02 PM EEST
executed Wed 15 Apr 2020 08:56:02 PM EEST
executed Wed 15 Apr 2020 08:57:01 PM EEST
executed Wed 15 Apr 2020 08:58:02 PM EEST
executed Wed 15 Apr 2020 08:59:02 PM EEST
executed Wed 15 Apr 2020 09:56:59 PM EEST
executed Thu 16 Apr 2020 08:00:01 PM EEST
executed Fri 17 Apr 2020 10:30:33 AM EEST
executed Fri 17 Apr 2020 08:00:02 PM EEST
executed Sat 18 Apr 2020 05:49:14 PM EEST
executed Sat 18 Apr 2020 08:00:02 PM EEST
executed Sun 19 Apr 2020 08:00:02 PM EEST
executed Mon 20 Apr 2020 02:19:02 PM EEST
executed Mon 20 Apr 2020 08:00:03 PM EEST
executed Tue 21 Apr 2020 01:01:19 PM EEST
executed Tue 21 Apr 2020 08:00:02 PM EEST
executed Tue 21 Apr 2020 09:55:48 PM EEST
executed Tue 21 Apr 2020 10:01:12 PM EEST
executed Wed 22 Apr 2020 08:00:03 PM EEST
executed Thu 23 Apr 2020 08:00:02 PM EEST
executed Fri 24 Apr 2020 08:00:02 PM EEST
executed Sat 25 Apr 2020 08:00:03 PM EEST
executed Sun 26 Apr 2020 08:00:02 PM EEST
